<?xml version="1.0" encoding="UTF-8"?>
<!-- Generated by org.testng.reporters.JUnitXMLReporter -->
<testsuite ignored="0" hostname="Riks-MacBook-Pro.local" failures="0" tests="39" name="Test" time="275.584" errors="0" timestamp="2026-06-03T00:05:55 EDT">
  <testcase classname="testCases.AdminExperienceLoginTest" name="AdminLoginWithInCorrectPasswords" time="0.882"/>
  <testcase classname="testCases.AdminExperienceLoginTest" name="AdminLoginWithInCorrectPasswords" time="1.35"/>
  <testcase classname="testCases.AdminExperienceLoginTest" name="AdminLoginWithInCorrectPasswords" time="1.344"/>
  <testcase classname="testCases.AdminExperienceLoginTest" name="AdminLoginWithCorrectPasswords" time="1.341"/>
  <testcase classname="testCases.AdminExperienceValidationTest" name="adminPageOpened" time="0.545"/>
  <testcase classname="testCases.AdminExperienceValidationTest" name="experienceFormWithValidData" time="5.245"/>
  <testcase classname="testCases.AdminExperienceValidationTest" name="experienceFormWithValidData" time="5.166"/>
  <testcase classname="testCases.AdminExperienceValidationTest" name="experienceFormWithValidData" time="5.204"/>
  <testcase classname="testCases.AdminExperienceValidationTest" name="experienceFormWithValidData" time="5.172"/>
  <testcase classname="testCases.AdminExperienceValidationTest" name="experienceFormWithValidData" time="5.199"/>
  <testcase classname="testCases.AdminExperienceValidationTest" name="experienceFormWithValidData" time="5.093"/>
  <testcase classname="testCases.AdminExperienceValidationTest" name="experienceFormWithValidData" time="5.092"/>
  <testcase classname="testCases.AdminExperienceValidationTest" name="invalidFileSizeExperience" time="1.371"/>
  <testcase classname="testCases.AdminExperienceValidationTest" name="invalidFileSizeExperience" time="1.436"/>
  <testcase classname="testCases.AdminExperienceValidationTest" name="invalidFileUploadExperience" time="1.495"/>
  <testcase classname="testCases.AdminExperienceValidationTest" name="invalidFileUploadExperience" time="1.589"/>
  <testcase classname="testCases.AdminExperienceValidationTest" name="invalidFileUploadExperience" time="1.55"/>
  <testcase classname="testCases.AdminExperienceValidationTest" name="invalidLengthDataValidation" time="2.608"/>
  <testcase classname="testCases.AdminExperienceValidationTest" name="invalidLengthDataValidation" time="2.518"/>
  <testcase classname="testCases.AdminExperienceValidationTest" name="invalidLengthDataValidation" time="2.566"/>
  <testcase classname="testCases.AdminExperienceValidationTest" name="invalidLengthDataValidation" time="2.493"/>
  <testcase classname="testCases.AdminExperienceValidationTest" name="invalidLengthDataValidation" time="2.582"/>
  <testcase classname="testCases.AdminExperienceValidationTest" name="invalidLengthDataValidation" time="2.56"/>
  <testcase classname="testCases.AdminExperienceValidationTest" name="invalidLengthDataValidation" time="2.508"/>
  <testcase classname="testCases.AdminExperienceValidationTest" name="invalidLengthDataValidation" time="2.596"/>
  <testcase classname="testCases.AdminExperienceValidationTest" name="invalidLengthDataValidation" time="3.047"/>
  <testcase classname="testCases.AdminExperienceValidationTest" name="previewImageCSSValidation" time="2.703"/>
  <testcase classname="testCases.AdminExperienceValidationTest" name="previewImageCSSValidation" time="2.735"/>
  <testcase classname="testCases.AdminExperienceValidationTest" name="previewImageCSSValidation" time="2.795"/>
  <testcase classname="testCases.AdminExperienceValidationTest" name="previewImageCSSValidation" time="2.746"/>
  <testcase classname="testCases.AdminExperienceValidationTest" name="previewImageCSSValidation" time="2.771"/>
  <testcase classname="testCases.AdminExperienceValidationTest" name="previewImageCSSValidation" time="2.76"/>
  <testcase classname="testCases.AdminExperienceValidationTest" name="previewImageCSSValidation" time="2.959"/>
  <testcase classname="testCases.AdminExperienceValidationTest" name="verifyRequiredFieldValidation" time="4.648"/>
  <testcase classname="testCases.AdminExperienceValidationTest" name="verifyRequiredFieldValidation" time="4.676"/>
  <testcase classname="testCases.AdminExperienceValidationTest" name="verifyRequiredFieldValidation" time="4.698"/>
  <testcase classname="testCases.AdminExperienceValidationTest" name="verifyRequiredFieldValidation" time="4.67"/>
  <testcase classname="testCases.AdminExperienceValidationTest" name="verifyRequiredFieldValidation" time="4.587"/>
  <testcase classname="testCases.AdminExperienceValidationTest" name="verifyRequiredFieldValidation" time="4.66"/>
</testsuite> <!-- Test -->
