<?xml version="1.0" encoding="UTF-8"?>
<!-- Generated by org.testng.reporters.JUnitReportReporter -->
<testsuite hostname="Riks-MacBook-Pro.local" failures="0" tests="35" name="testCases.AdminExperienceValidationTest" time="257.926" errors="0" timestamp="2026-06-03T00:05:55 EDT" skipped="0">
  <testcase classname="testCases.AdminExperienceValidationTest" name="previewImageCSSValidation" time="7.137"/>
  <testcase classname="testCases.AdminExperienceValidationTest" name="invalidFileUploadExperience" time="4.952"/>
  <testcase classname="testCases.AdminExperienceValidationTest" name="experienceFormWithValidData" time="9.074"/>
  <testcase classname="testCases.AdminExperienceValidationTest" name="invalidLengthDataValidation" time="6.747"/>
  <testcase classname="testCases.AdminExperienceValidationTest" name="invalidLengthDataValidation" time="5.975"/>
  <testcase classname="testCases.AdminExperienceValidationTest" name="experienceFormWithValidData" time="8.876"/>
  <testcase classname="testCases.AdminExperienceValidationTest" name="verifyRequiredFieldValidation" time="8.299"/>
  <testcase classname="testCases.AdminExperienceValidationTest" name="experienceFormWithValidData" time="8.007"/>
  <testcase classname="testCases.AdminExperienceValidationTest" name="experienceFormWithValidData" time="8.237"/>
  <testcase classname="testCases.AdminExperienceValidationTest" name="experienceFormWithValidData" time="8.600"/>
  <testcase classname="testCases.AdminExperienceValidationTest" name="verifyRequiredFieldValidation" time="8.669"/>
  <testcase classname="testCases.AdminExperienceValidationTest" name="verifyRequiredFieldValidation" time="8.714"/>
  <testcase classname="testCases.AdminExperienceValidationTest" name="invalidFileUploadExperience" time="5.056"/>
  <testcase classname="testCases.AdminExperienceValidationTest" name="experienceFormWithValidData" time="9.210"/>
  <testcase classname="testCases.AdminExperienceValidationTest" name="invalidLengthDataValidation" time="7.015"/>
  <testcase classname="testCases.AdminExperienceValidationTest" name="adminPageOpened" time="3.807"/>
  <testcase classname="testCases.AdminExperienceValidationTest" name="previewImageCSSValidation" time="6.911"/>
  <testcase classname="testCases.AdminExperienceValidationTest" name="invalidFileSizeExperience" time="5.578"/>
  <testcase classname="testCases.AdminExperienceValidationTest" name="invalidLengthDataValidation" time="7.750"/>
  <testcase classname="testCases.AdminExperienceValidationTest" name="invalidLengthDataValidation" time="5.826"/>
  <testcase classname="testCases.AdminExperienceValidationTest" name="previewImageCSSValidation" time="6.602"/>
  <testcase classname="testCases.AdminExperienceValidationTest" name="invalidLengthDataValidation" time="15.046"/>
  <testcase classname="testCases.AdminExperienceValidationTest" name="invalidFileUploadExperience" time="5.324"/>
  <testcase classname="testCases.AdminExperienceValidationTest" name="previewImageCSSValidation" time="6.185"/>
  <testcase classname="testCases.AdminExperienceValidationTest" name="previewImageCSSValidation" time="7.086"/>
  <testcase classname="testCases.AdminExperienceValidationTest" name="invalidFileSizeExperience" time="5.408"/>
  <testcase classname="testCases.AdminExperienceValidationTest" name="previewImageCSSValidation" time="6.143"/>
  <testcase classname="testCases.AdminExperienceValidationTest" name="verifyRequiredFieldValidation" time="8.330"/>
  <testcase classname="testCases.AdminExperienceValidationTest" name="invalidLengthDataValidation" time="7.158"/>
  <testcase classname="testCases.AdminExperienceValidationTest" name="verifyRequiredFieldValidation" time="8.763"/>
  <testcase classname="testCases.AdminExperienceValidationTest" name="invalidLengthDataValidation" time="7.014"/>
  <testcase classname="testCases.AdminExperienceValidationTest" name="invalidLengthDataValidation" time="6.412"/>
  <testcase classname="testCases.AdminExperienceValidationTest" name="experienceFormWithValidData" time="9.153"/>
  <testcase classname="testCases.AdminExperienceValidationTest" name="verifyRequiredFieldValidation" time="8.122"/>
  <testcase classname="testCases.AdminExperienceValidationTest" name="previewImageCSSValidation" time="6.740"/>
</testsuite> <!-- testCases.AdminExperienceValidationTest -->
