<?xml version="1.0" encoding="UTF-8"?>
<!-- Generated by org.testng.reporters.JUnitReportReporter -->
<testsuite hostname="Riks-MacBook-Pro.local" failures="0" tests="4" name="testCases.AdminExperienceLoginTest" time="17.560" errors="0" timestamp="2026-06-03T00:05:55 EDT" skipped="0">
  <testcase classname="testCases.AdminExperienceLoginTest" name="AdminLoginWithInCorrectPasswords" time="4.400"/>
  <testcase classname="testCases.AdminExperienceLoginTest" name="AdminLoginWithInCorrectPasswords" time="3.876"/>
  <testcase classname="testCases.AdminExperienceLoginTest" name="AdminLoginWithInCorrectPasswords" time="4.973"/>
  <testcase classname="testCases.AdminExperienceLoginTest" name="AdminLoginWithCorrectPasswords" time="4.311"/>
</testsuite> <!-- testCases.AdminExperienceLoginTest -->
